<?xml version="1.0" encoding="UTF-8"?>
<testng-results total="3" passed="3" failed="0" skipped="0">
  <reporter-output>
  </reporter-output>
  <suite started-at="2019-03-11T09:16:51Z" name="Com.actitime.CreateCustomerTest.CreateCustomerTest" finished-at="2019-03-11T09:17:46Z" duration-ms="55825">
    <groups>
    </groups>
    <test started-at="2019-03-11T09:16:51Z" name="Command line test" finished-at="2019-03-11T09:17:46Z" duration-ms="55825">
      <class name="Com.actitime.CreateCustomerTest.CreateCustomerTest">
        <test-method signature="CreateCustomerTest()[pri:0, instance:Com.actitime.CreateCustomerTest.CreateCustomerTest@76908cc0]" started-at="2019-03-11T14:46:51Z" name="CreateCustomerTest" finished-at="2019-03-11T14:46:51Z" duration-ms="11" status="PASS">
          <reporter-output>
          </reporter-output>
        </test-method> <!-- CreateCustomerTest -->
        <test-method signature="DeleteCustomerTest()[pri:0, instance:Com.actitime.CreateCustomerTest.CreateCustomerTest@76908cc0]" started-at="2019-03-11T14:46:51Z" name="DeleteCustomerTest" finished-at="2019-03-11T14:47:46Z" duration-ms="55786" status="PASS">
          <reporter-output>
          </reporter-output>
        </test-method> <!-- DeleteCustomerTest -->
        <test-method signature="ModifyCustomerTest()[pri:0, instance:Com.actitime.CreateCustomerTest.CreateCustomerTest@76908cc0]" started-at="2019-03-11T14:47:46Z" name="ModifyCustomerTest" finished-at="2019-03-11T14:47:46Z" duration-ms="0" status="PASS">
          <reporter-output>
          </reporter-output>
        </test-method> <!-- ModifyCustomerTest -->
      </class> <!-- Com.actitime.CreateCustomerTest.CreateCustomerTest -->
    </test> <!-- Command line test -->
  </suite> <!-- Com.actitime.CreateCustomerTest.CreateCustomerTest -->
</testng-results>
