<?xml version="1.0" encoding="UTF-8"?>
<!-- Generated by org.testng.reporters.JUnitXMLReporter -->
<testsuite hostname="DESKTOP-AAJN41V" failures="0" tests="3" name="Command line test" time="55.825" errors="0" timestamp="11 Mar 2019 09:17:47 GMT">
  <testcase classname="Com.actitime.CreateCustomerTest.CreateCustomerTest" name="CreateCustomerTest" time="0.011"/>
  <testcase classname="Com.actitime.CreateCustomerTest.CreateCustomerTest" name="DeleteCustomerTest" time="55.786"/>
  <testcase classname="Com.actitime.CreateCustomerTest.CreateCustomerTest" name="ModifyCustomerTest" time="0.0"/>
</testsuite> <!-- Command line test -->
